[train: 1, 50 / 1875] FPS: 12.8 (10.7)  ,  Loss/total: 5.21748  ,  Loss/giou: 1.03336  ,  Loss/l1: 0.46472  ,  IoU: 0.01940  ,  Loss/cls: 0.44426
[train: 1, 100 / 1875] FPS: 21.1 (181.8)  ,  Loss/total: 4.55508  ,  Loss/giou: 0.98098  ,  Loss/l1: 0.41737  ,  IoU: 0.07760  ,  Loss/cls: 0.35168
[train: 1, 150 / 1875] FPS: 26.9 (201.6)  ,  Loss/total: 4.03184  ,  Loss/giou: 0.89103  ,  Loss/l1: 0.36162  ,  IoU: 0.17080  ,  Loss/cls: 0.30530
[train: 1, 200 / 1875] FPS: 31.6 (166.2)  ,  Loss/total: 3.68339  ,  Loss/giou: 0.83056  ,  Loss/l1: 0.32535  ,  IoU: 0.23103  ,  Loss/cls: 0.27431
[train: 1, 250 / 1875] FPS: 35.4 (214.6)  ,  Loss/total: 3.44062  ,  Loss/giou: 0.79052  ,  Loss/l1: 0.30174  ,  IoU: 0.27064  ,  Loss/cls: 0.25122
[train: 1, 300 / 1875] FPS: 38.4 (26.2)  ,  Loss/total: 3.25600  ,  Loss/giou: 0.75987  ,  Loss/l1: 0.28457  ,  IoU: 0.30050  ,  Loss/cls: 0.23342
[train: 1, 350 / 1875] FPS: 40.5 (170.8)  ,  Loss/total: 3.10744  ,  Loss/giou: 0.73566  ,  Loss/l1: 0.27115  ,  IoU: 0.32362  ,  Loss/cls: 0.21876
[train: 1, 400 / 1875] FPS: 42.6 (182.4)  ,  Loss/total: 2.98301  ,  Loss/giou: 0.71503  ,  Loss/l1: 0.26000  ,  IoU: 0.34299  ,  Loss/cls: 0.20659
[train: 1, 450 / 1875] FPS: 44.3 (215.7)  ,  Loss/total: 2.87731  ,  Loss/giou: 0.69771  ,  Loss/l1: 0.25067  ,  IoU: 0.35938  ,  Loss/cls: 0.19611
[train: 1, 500 / 1875] FPS: 46.0 (184.5)  ,  Loss/total: 2.78862  ,  Loss/giou: 0.68308  ,  Loss/l1: 0.24303  ,  IoU: 0.37308  ,  Loss/cls: 0.18728
[train: 1, 550 / 1875] FPS: 47.8 (215.8)  ,  Loss/total: 2.71236  ,  Loss/giou: 0.67039  ,  Loss/l1: 0.23650  ,  IoU: 0.38497  ,  Loss/cls: 0.17972
[train: 1, 600 / 1875] FPS: 49.3 (183.9)  ,  Loss/total: 2.64245  ,  Loss/giou: 0.65884  ,  Loss/l1: 0.23031  ,  IoU: 0.39558  ,  Loss/cls: 0.17283
[train: 1, 650 / 1875] FPS: 50.7 (204.4)  ,  Loss/total: 2.58288  ,  Loss/giou: 0.64898  ,  Loss/l1: 0.22513  ,  IoU: 0.40480  ,  Loss/cls: 0.16693
[train: 1, 700 / 1875] FPS: 52.2 (167.8)  ,  Loss/total: 2.52728  ,  Loss/giou: 0.63957  ,  Loss/l1: 0.22025  ,  IoU: 0.41341  ,  Loss/cls: 0.16153
[train: 1, 750 / 1875] FPS: 53.3 (160.6)  ,  Loss/total: 2.47714  ,  Loss/giou: 0.63122  ,  Loss/l1: 0.21596  ,  IoU: 0.42105  ,  Loss/cls: 0.15655
[train: 1, 800 / 1875] FPS: 54.2 (141.4)  ,  Loss/total: 2.43117  ,  Loss/giou: 0.62341  ,  Loss/l1: 0.21193  ,  IoU: 0.42811  ,  Loss/cls: 0.15210
[train: 1, 850 / 1875] FPS: 55.1 (160.6)  ,  Loss/total: 2.38945  ,  Loss/giou: 0.61612  ,  Loss/l1: 0.20834  ,  IoU: 0.43464  ,  Loss/cls: 0.14811
[train: 1, 900 / 1875] FPS: 55.6 (202.9)  ,  Loss/total: 2.35065  ,  Loss/giou: 0.60938  ,  Loss/l1: 0.20505  ,  IoU: 0.44075  ,  Loss/cls: 0.14435
[train: 1, 950 / 1875] FPS: 56.1 (177.3)  ,  Loss/total: 2.31449  ,  Loss/giou: 0.60310  ,  Loss/l1: 0.20196  ,  IoU: 0.44644  ,  Loss/cls: 0.14087
[train: 1, 1000 / 1875] FPS: 55.7 (175.1)  ,  Loss/total: 2.28184  ,  Loss/giou: 0.59744  ,  Loss/l1: 0.19923  ,  IoU: 0.45154  ,  Loss/cls: 0.13770
[train: 1, 1050 / 1875] FPS: 56.6 (179.1)  ,  Loss/total: 2.25236  ,  Loss/giou: 0.59234  ,  Loss/l1: 0.19678  ,  IoU: 0.45615  ,  Loss/cls: 0.13483
[train: 1, 1100 / 1875] FPS: 57.4 (154.8)  ,  Loss/total: 2.22396  ,  Loss/giou: 0.58718  ,  Loss/l1: 0.19437  ,  IoU: 0.46078  ,  Loss/cls: 0.13217
[train: 1, 1150 / 1875] FPS: 58.3 (212.5)  ,  Loss/total: 2.19687  ,  Loss/giou: 0.58239  ,  Loss/l1: 0.19206  ,  IoU: 0.46507  ,  Loss/cls: 0.12960
[train: 1, 1200 / 1875] FPS: 59.0 (40.6)  ,  Loss/total: 2.17173  ,  Loss/giou: 0.57801  ,  Loss/l1: 0.18993  ,  IoU: 0.46899  ,  Loss/cls: 0.12717
[train: 1, 1250 / 1875] FPS: 59.4 (197.1)  ,  Loss/total: 2.14851  ,  Loss/giou: 0.57383  ,  Loss/l1: 0.18801  ,  IoU: 0.47274  ,  Loss/cls: 0.12497
[train: 1, 1300 / 1875] FPS: 60.0 (206.2)  ,  Loss/total: 2.12468  ,  Loss/giou: 0.56933  ,  Loss/l1: 0.18597  ,  IoU: 0.47667  ,  Loss/cls: 0.12281
[train: 1, 1350 / 1875] FPS: 60.6 (166.8)  ,  Loss/total: 2.10251  ,  Loss/giou: 0.56531  ,  Loss/l1: 0.18406  ,  IoU: 0.48020  ,  Loss/cls: 0.12075
[train: 1, 1400 / 1875] FPS: 61.5 (145.7)  ,  Loss/total: 2.08279  ,  Loss/giou: 0.56172  ,  Loss/l1: 0.18238  ,  IoU: 0.48335  ,  Loss/cls: 0.11892
[train: 1, 1450 / 1875] FPS: 61.8 (46.1)  ,  Loss/total: 2.06360  ,  Loss/giou: 0.55817  ,  Loss/l1: 0.18074  ,  IoU: 0.48648  ,  Loss/cls: 0.11716
[train: 1, 1500 / 1875] FPS: 62.4 (215.9)  ,  Loss/total: 2.04502  ,  Loss/giou: 0.55475  ,  Loss/l1: 0.17918  ,  IoU: 0.48951  ,  Loss/cls: 0.11543
[train: 1, 1550 / 1875] FPS: 62.9 (190.5)  ,  Loss/total: 2.02733  ,  Loss/giou: 0.55142  ,  Loss/l1: 0.17772  ,  IoU: 0.49246  ,  Loss/cls: 0.11381
[train: 1, 1600 / 1875] FPS: 63.6 (152.1)  ,  Loss/total: 2.01022  ,  Loss/giou: 0.54827  ,  Loss/l1: 0.17624  ,  IoU: 0.49524  ,  Loss/cls: 0.11224
[train: 1, 1650 / 1875] FPS: 63.0 (139.2)  ,  Loss/total: 1.99356  ,  Loss/giou: 0.54509  ,  Loss/l1: 0.17483  ,  IoU: 0.49803  ,  Loss/cls: 0.11074
[train: 1, 1700 / 1875] FPS: 63.6 (109.7)  ,  Loss/total: 1.97792  ,  Loss/giou: 0.54214  ,  Loss/l1: 0.17352  ,  IoU: 0.50063  ,  Loss/cls: 0.10932
[train: 1, 1750 / 1875] FPS: 63.9 (171.0)  ,  Loss/total: 1.96315  ,  Loss/giou: 0.53943  ,  Loss/l1: 0.17226  ,  IoU: 0.50298  ,  Loss/cls: 0.10795
[train: 1, 1800 / 1875] FPS: 63.7 (164.6)  ,  Loss/total: 1.94918  ,  Loss/giou: 0.53676  ,  Loss/l1: 0.17112  ,  IoU: 0.50536  ,  Loss/cls: 0.10668
[train: 1, 1850 / 1875] FPS: 64.1 (173.8)  ,  Loss/total: 1.93543  ,  Loss/giou: 0.53417  ,  Loss/l1: 0.16998  ,  IoU: 0.50771  ,  Loss/cls: 0.10543
[train: 1, 1875 / 1875] FPS: 64.5 (230.7)  ,  Loss/total: 1.92820  ,  Loss/giou: 0.53277  ,  Loss/l1: 0.16935  ,  IoU: 0.50896  ,  Loss/cls: 0.10479
[train: 2, 50 / 1875] FPS: 12.3 (221.6)  ,  Loss/total: 1.37265  ,  Loss/giou: 0.41974  ,  Loss/l1: 0.12057  ,  IoU: 0.60847  ,  Loss/cls: 0.05840
[train: 2, 100 / 1875] FPS: 19.7 (17.3)  ,  Loss/total: 1.38850  ,  Loss/giou: 0.42427  ,  Loss/l1: 0.12320  ,  IoU: 0.60537  ,  Loss/cls: 0.05871
[train: 2, 150 / 1875] FPS: 24.9 (216.0)  ,  Loss/total: 1.38477  ,  Loss/giou: 0.42280  ,  Loss/l1: 0.12274  ,  IoU: 0.60657  ,  Loss/cls: 0.05874
[train: 2, 200 / 1875] FPS: 28.8 (226.8)  ,  Loss/total: 1.37807  ,  Loss/giou: 0.42106  ,  Loss/l1: 0.12194  ,  IoU: 0.60831  ,  Loss/cls: 0.05842
[train: 2, 250 / 1875] FPS: 31.7 (190.1)  ,  Loss/total: 1.37572  ,  Loss/giou: 0.42073  ,  Loss/l1: 0.12192  ,  IoU: 0.60877  ,  Loss/cls: 0.05808
[train: 2, 300 / 1875] FPS: 34.2 (9.7)  ,  Loss/total: 1.37554  ,  Loss/giou: 0.42068  ,  Loss/l1: 0.12190  ,  IoU: 0.60902  ,  Loss/cls: 0.05808
[train: 2, 350 / 1875] FPS: 36.2 (217.3)  ,  Loss/total: 1.36661  ,  Loss/giou: 0.41838  ,  Loss/l1: 0.12088  ,  IoU: 0.61108  ,  Loss/cls: 0.05762
[train: 2, 400 / 1875] FPS: 38.4 (212.3)  ,  Loss/total: 1.36130  ,  Loss/giou: 0.41708  ,  Loss/l1: 0.12032  ,  IoU: 0.61214  ,  Loss/cls: 0.05730
[train: 2, 450 / 1875] FPS: 40.4 (211.7)  ,  Loss/total: 1.35918  ,  Loss/giou: 0.41653  ,  Loss/l1: 0.12023  ,  IoU: 0.61272  ,  Loss/cls: 0.05713
[train: 2, 500 / 1875] FPS: 42.0 (200.6)  ,  Loss/total: 1.35317  ,  Loss/giou: 0.41466  ,  Loss/l1: 0.11959  ,  IoU: 0.61431  ,  Loss/cls: 0.05694
[train: 2, 550 / 1875] FPS: 43.6 (189.6)  ,  Loss/total: 1.34737  ,  Loss/giou: 0.41314  ,  Loss/l1: 0.11903  ,  IoU: 0.61570  ,  Loss/cls: 0.05661
[train: 2, 600 / 1875] FPS: 45.0 (208.5)  ,  Loss/total: 1.34399  ,  Loss/giou: 0.41233  ,  Loss/l1: 0.11874  ,  IoU: 0.61637  ,  Loss/cls: 0.05637
[train: 2, 650 / 1875] FPS: 46.2 (168.9)  ,  Loss/total: 1.33996  ,  Loss/giou: 0.41106  ,  Loss/l1: 0.11827  ,  IoU: 0.61744  ,  Loss/cls: 0.05626
[train: 2, 700 / 1875] FPS: 47.5 (167.3)  ,  Loss/total: 1.33667  ,  Loss/giou: 0.41015  ,  Loss/l1: 0.11794  ,  IoU: 0.61824  ,  Loss/cls: 0.05610
[train: 2, 750 / 1875] FPS: 48.8 (191.0)  ,  Loss/total: 1.33349  ,  Loss/giou: 0.40934  ,  Loss/l1: 0.11766  ,  IoU: 0.61902  ,  Loss/cls: 0.05590
[train: 2, 800 / 1875] FPS: 50.0 (171.2)  ,  Loss/total: 1.33091  ,  Loss/giou: 0.40861  ,  Loss/l1: 0.11746  ,  IoU: 0.61969  ,  Loss/cls: 0.05575
[train: 2, 850 / 1875] FPS: 51.1 (22.9)  ,  Loss/total: 1.32848  ,  Loss/giou: 0.40786  ,  Loss/l1: 0.11729  ,  IoU: 0.62035  ,  Loss/cls: 0.05564
[train: 2, 900 / 1875] FPS: 52.2 (214.1)  ,  Loss/total: 1.32450  ,  Loss/giou: 0.40674  ,  Loss/l1: 0.11690  ,  IoU: 0.62127  ,  Loss/cls: 0.05544
[train: 2, 950 / 1875] FPS: 53.2 (184.7)  ,  Loss/total: 1.32050  ,  Loss/giou: 0.40559  ,  Loss/l1: 0.11650  ,  IoU: 0.62227  ,  Loss/cls: 0.05527
[train: 2, 1000 / 1875] FPS: 54.2 (142.3)  ,  Loss/total: 1.31850  ,  Loss/giou: 0.40495  ,  Loss/l1: 0.11635  ,  IoU: 0.62283  ,  Loss/cls: 0.05518
[train: 2, 1050 / 1875] FPS: 55.3 (44.6)  ,  Loss/total: 1.31471  ,  Loss/giou: 0.40391  ,  Loss/l1: 0.11599  ,  IoU: 0.62376  ,  Loss/cls: 0.05498
[train: 2, 1100 / 1875] FPS: 56.2 (171.0)  ,  Loss/total: 1.31133  ,  Loss/giou: 0.40298  ,  Loss/l1: 0.11565  ,  IoU: 0.62455  ,  Loss/cls: 0.05481
[train: 2, 1150 / 1875] FPS: 57.2 (179.1)  ,  Loss/total: 1.30779  ,  Loss/giou: 0.40212  ,  Loss/l1: 0.11535  ,  IoU: 0.62534  ,  Loss/cls: 0.05457
[train: 2, 1200 / 1875] FPS: 58.1 (154.2)  ,  Loss/total: 1.30457  ,  Loss/giou: 0.40115  ,  Loss/l1: 0.11506  ,  IoU: 0.62616  ,  Loss/cls: 0.05443
[train: 2, 1250 / 1875] FPS: 59.0 (18.0)  ,  Loss/total: 1.30083  ,  Loss/giou: 0.40002  ,  Loss/l1: 0.11470  ,  IoU: 0.62713  ,  Loss/cls: 0.05427
[train: 2, 1300 / 1875] FPS: 59.9 (159.8)  ,  Loss/total: 1.29780  ,  Loss/giou: 0.39919  ,  Loss/l1: 0.11435  ,  IoU: 0.62789  ,  Loss/cls: 0.05414
[train: 2, 1350 / 1875] FPS: 60.8 (211.2)  ,  Loss/total: 1.29490  ,  Loss/giou: 0.39843  ,  Loss/l1: 0.11410  ,  IoU: 0.62864  ,  Loss/cls: 0.05397
[train: 2, 1400 / 1875] FPS: 61.7 (171.0)  ,  Loss/total: 1.29155  ,  Loss/giou: 0.39759  ,  Loss/l1: 0.11381  ,  IoU: 0.62934  ,  Loss/cls: 0.05375
[train: 2, 1450 / 1875] FPS: 62.4 (193.3)  ,  Loss/total: 1.28865  ,  Loss/giou: 0.39672  ,  Loss/l1: 0.11353  ,  IoU: 0.63014  ,  Loss/cls: 0.05363
[train: 2, 1500 / 1875] FPS: 63.3 (38.4)  ,  Loss/total: 1.28496  ,  Loss/giou: 0.39570  ,  Loss/l1: 0.11319  ,  IoU: 0.63104  ,  Loss/cls: 0.05344
[train: 2, 1550 / 1875] FPS: 64.1 (130.3)  ,  Loss/total: 1.28259  ,  Loss/giou: 0.39498  ,  Loss/l1: 0.11298  ,  IoU: 0.63173  ,  Loss/cls: 0.05333
[train: 2, 1600 / 1875] FPS: 64.9 (177.3)  ,  Loss/total: 1.27922  ,  Loss/giou: 0.39398  ,  Loss/l1: 0.11264  ,  IoU: 0.63261  ,  Loss/cls: 0.05320
[train: 2, 1650 / 1875] FPS: 65.9 (193.6)  ,  Loss/total: 1.27641  ,  Loss/giou: 0.39320  ,  Loss/l1: 0.11238  ,  IoU: 0.63331  ,  Loss/cls: 0.05305
[train: 2, 1700 / 1875] FPS: 66.8 (53.3)  ,  Loss/total: 1.27302  ,  Loss/giou: 0.39225  ,  Loss/l1: 0.11205  ,  IoU: 0.63416  ,  Loss/cls: 0.05289
[train: 2, 1750 / 1875] FPS: 67.6 (108.3)  ,  Loss/total: 1.26968  ,  Loss/giou: 0.39132  ,  Loss/l1: 0.11170  ,  IoU: 0.63501  ,  Loss/cls: 0.05273
[train: 2, 1800 / 1875] FPS: 68.3 (170.0)  ,  Loss/total: 1.26629  ,  Loss/giou: 0.39038  ,  Loss/l1: 0.11138  ,  IoU: 0.63585  ,  Loss/cls: 0.05256
[train: 2, 1850 / 1875] FPS: 69.0 (126.9)  ,  Loss/total: 1.26344  ,  Loss/giou: 0.38955  ,  Loss/l1: 0.11110  ,  IoU: 0.63658  ,  Loss/cls: 0.05243
[train: 2, 1875 / 1875] FPS: 69.5 (218.0)  ,  Loss/total: 1.26224  ,  Loss/giou: 0.38920  ,  Loss/l1: 0.11101  ,  IoU: 0.63690  ,  Loss/cls: 0.05236
[train: 3, 50 / 1875] FPS: 13.4 (211.0)  ,  Loss/total: 1.13595  ,  Loss/giou: 0.35465  ,  Loss/l1: 0.09821  ,  IoU: 0.66821  ,  Loss/cls: 0.04604
[train: 3, 100 / 1875] FPS: 21.5 (193.8)  ,  Loss/total: 1.13052  ,  Loss/giou: 0.35360  ,  Loss/l1: 0.09775  ,  IoU: 0.66869  ,  Loss/cls: 0.04556
[train: 3, 150 / 1875] FPS: 26.8 (195.3)  ,  Loss/total: 1.13537  ,  Loss/giou: 0.35465  ,  Loss/l1: 0.09826  ,  IoU: 0.66762  ,  Loss/cls: 0.04591
[train: 3, 200 / 1875] FPS: 30.8 (181.7)  ,  Loss/total: 1.13563  ,  Loss/giou: 0.35438  ,  Loss/l1: 0.09827  ,  IoU: 0.66767  ,  Loss/cls: 0.04606
[train: 3, 250 / 1875] FPS: 34.1 (31.8)  ,  Loss/total: 1.13388  ,  Loss/giou: 0.35457  ,  Loss/l1: 0.09800  ,  IoU: 0.66754  ,  Loss/cls: 0.04575
[train: 3, 300 / 1875] FPS: 36.3 (14.7)  ,  Loss/total: 1.13275  ,  Loss/giou: 0.35443  ,  Loss/l1: 0.09798  ,  IoU: 0.66790  ,  Loss/cls: 0.04558
[train: 3, 350 / 1875] FPS: 38.7 (218.7)  ,  Loss/total: 1.13356  ,  Loss/giou: 0.35445  ,  Loss/l1: 0.09806  ,  IoU: 0.66797  ,  Loss/cls: 0.04571
[train: 3, 400 / 1875] FPS: 41.0 (191.6)  ,  Loss/total: 1.12994  ,  Loss/giou: 0.35342  ,  Loss/l1: 0.09767  ,  IoU: 0.66891  ,  Loss/cls: 0.04555
[train: 3, 450 / 1875] FPS: 42.9 (184.0)  ,  Loss/total: 1.12985  ,  Loss/giou: 0.35309  ,  Loss/l1: 0.09773  ,  IoU: 0.66920  ,  Loss/cls: 0.04564
[train: 3, 500 / 1875] FPS: 44.4 (14.9)  ,  Loss/total: 1.13064  ,  Loss/giou: 0.35347  ,  Loss/l1: 0.09781  ,  IoU: 0.66893  ,  Loss/cls: 0.04562
[train: 3, 550 / 1875] FPS: 46.0 (14.0)  ,  Loss/total: 1.12839  ,  Loss/giou: 0.35286  ,  Loss/l1: 0.09762  ,  IoU: 0.66947  ,  Loss/cls: 0.04548
[train: 3, 600 / 1875] FPS: 47.6 (205.8)  ,  Loss/total: 1.12754  ,  Loss/giou: 0.35245  ,  Loss/l1: 0.09760  ,  IoU: 0.66979  ,  Loss/cls: 0.04549
[train: 3, 650 / 1875] FPS: 48.7 (168.5)  ,  Loss/total: 1.12827  ,  Loss/giou: 0.35263  ,  Loss/l1: 0.09778  ,  IoU: 0.66969  ,  Loss/cls: 0.04549
[train: 3, 700 / 1875] FPS: 50.1 (178.2)  ,  Loss/total: 1.12702  ,  Loss/giou: 0.35232  ,  Loss/l1: 0.09767  ,  IoU: 0.66992  ,  Loss/cls: 0.04541
[train: 3, 750 / 1875] FPS: 51.2 (186.2)  ,  Loss/total: 1.12441  ,  Loss/giou: 0.35162  ,  Loss/l1: 0.09745  ,  IoU: 0.67054  ,  Loss/cls: 0.04526
[train: 3, 800 / 1875] FPS: 52.1 (159.9)  ,  Loss/total: 1.12395  ,  Loss/giou: 0.35147  ,  Loss/l1: 0.09742  ,  IoU: 0.67076  ,  Loss/cls: 0.04524
[train: 3, 850 / 1875] FPS: 53.1 (173.3)  ,  Loss/total: 1.12203  ,  Loss/giou: 0.35093  ,  Loss/l1: 0.09722  ,  IoU: 0.67122  ,  Loss/cls: 0.04514
[train: 3, 900 / 1875] FPS: 54.0 (188.0)  ,  Loss/total: 1.12077  ,  Loss/giou: 0.35054  ,  Loss/l1: 0.09723  ,  IoU: 0.67156  ,  Loss/cls: 0.04505
[train: 3, 950 / 1875] FPS: 54.9 (176.5)  ,  Loss/total: 1.11846  ,  Loss/giou: 0.34980  ,  Loss/l1: 0.09699  ,  IoU: 0.67218  ,  Loss/cls: 0.04498
[train: 3, 1000 / 1875] FPS: 55.9 (203.9)  ,  Loss/total: 1.11599  ,  Loss/giou: 0.34928  ,  Loss/l1: 0.09674  ,  IoU: 0.67262  ,  Loss/cls: 0.04479
[train: 3, 1050 / 1875] FPS: 56.9 (201.2)  ,  Loss/total: 1.11439  ,  Loss/giou: 0.34882  ,  Loss/l1: 0.09658  ,  IoU: 0.67309  ,  Loss/cls: 0.04472
[train: 3, 1100 / 1875] FPS: 57.6 (208.3)  ,  Loss/total: 1.11279  ,  Loss/giou: 0.34842  ,  Loss/l1: 0.09642  ,  IoU: 0.67346  ,  Loss/cls: 0.04462
[train: 3, 1150 / 1875] FPS: 58.7 (188.8)  ,  Loss/total: 1.11090  ,  Loss/giou: 0.34797  ,  Loss/l1: 0.09627  ,  IoU: 0.67391  ,  Loss/cls: 0.04448
[train: 3, 1200 / 1875] FPS: 59.4 (167.4)  ,  Loss/total: 1.10898  ,  Loss/giou: 0.34740  ,  Loss/l1: 0.09612  ,  IoU: 0.67439  ,  Loss/cls: 0.04439
[train: 3, 1250 / 1875] FPS: 60.3 (181.5)  ,  Loss/total: 1.10784  ,  Loss/giou: 0.34707  ,  Loss/l1: 0.09598  ,  IoU: 0.67469  ,  Loss/cls: 0.04435
[train: 3, 1300 / 1875] FPS: 61.0 (207.6)  ,  Loss/total: 1.10652  ,  Loss/giou: 0.34667  ,  Loss/l1: 0.09586  ,  IoU: 0.67508  ,  Loss/cls: 0.04429
[train: 3, 1350 / 1875] FPS: 61.9 (178.7)  ,  Loss/total: 1.10559  ,  Loss/giou: 0.34638  ,  Loss/l1: 0.09578  ,  IoU: 0.67533  ,  Loss/cls: 0.04426
[train: 3, 1400 / 1875] FPS: 62.8 (145.9)  ,  Loss/total: 1.10354  ,  Loss/giou: 0.34581  ,  Loss/l1: 0.09559  ,  IoU: 0.67587  ,  Loss/cls: 0.04415
[train: 3, 1450 / 1875] FPS: 63.5 (180.1)  ,  Loss/total: 1.10236  ,  Loss/giou: 0.34548  ,  Loss/l1: 0.09554  ,  IoU: 0.67617  ,  Loss/cls: 0.04407
[train: 3, 1500 / 1875] FPS: 64.2 (147.7)  ,  Loss/total: 1.10149  ,  Loss/giou: 0.34522  ,  Loss/l1: 0.09546  ,  IoU: 0.67641  ,  Loss/cls: 0.04402
[train: 3, 1550 / 1875] FPS: 65.0 (55.7)  ,  Loss/total: 1.10002  ,  Loss/giou: 0.34481  ,  Loss/l1: 0.09533  ,  IoU: 0.67676  ,  Loss/cls: 0.04395
[train: 3, 1600 / 1875] FPS: 65.8 (178.9)  ,  Loss/total: 1.09876  ,  Loss/giou: 0.34446  ,  Loss/l1: 0.09520  ,  IoU: 0.67710  ,  Loss/cls: 0.04389
[train: 3, 1650 / 1875] FPS: 66.4 (39.1)  ,  Loss/total: 1.09712  ,  Loss/giou: 0.34399  ,  Loss/l1: 0.09506  ,  IoU: 0.67753  ,  Loss/cls: 0.04380
[train: 3, 1700 / 1875] FPS: 67.1 (32.9)  ,  Loss/total: 1.09618  ,  Loss/giou: 0.34376  ,  Loss/l1: 0.09498  ,  IoU: 0.67773  ,  Loss/cls: 0.04374
[train: 3, 1750 / 1875] FPS: 66.7 (164.2)  ,  Loss/total: 1.09439  ,  Loss/giou: 0.34325  ,  Loss/l1: 0.09483  ,  IoU: 0.67818  ,  Loss/cls: 0.04365
[train: 3, 1800 / 1875] FPS: 67.4 (187.7)  ,  Loss/total: 1.09271  ,  Loss/giou: 0.34282  ,  Loss/l1: 0.09468  ,  IoU: 0.67861  ,  Loss/cls: 0.04354
[train: 3, 1850 / 1875] FPS: 68.0 (173.7)  ,  Loss/total: 1.09109  ,  Loss/giou: 0.34234  ,  Loss/l1: 0.09450  ,  IoU: 0.67902  ,  Loss/cls: 0.04348
[train: 3, 1875 / 1875] FPS: 68.1 (225.4)  ,  Loss/total: 1.08996  ,  Loss/giou: 0.34202  ,  Loss/l1: 0.09439  ,  IoU: 0.67930  ,  Loss/cls: 0.04343
[train: 4, 50 / 1875] FPS: 12.1 (14.3)  ,  Loss/total: 1.03647  ,  Loss/giou: 0.32828  ,  Loss/l1: 0.08966  ,  IoU: 0.69215  ,  Loss/cls: 0.04012
[train: 4, 100 / 1875] FPS: 18.9 (165.4)  ,  Loss/total: 1.03943  ,  Loss/giou: 0.33019  ,  Loss/l1: 0.08970  ,  IoU: 0.69036  ,  Loss/cls: 0.03993
[train: 4, 150 / 1875] FPS: 23.2 (197.1)  ,  Loss/total: 1.04033  ,  Loss/giou: 0.32941  ,  Loss/l1: 0.08995  ,  IoU: 0.69087  ,  Loss/cls: 0.04032
[train: 4, 200 / 1875] FPS: 26.6 (194.7)  ,  Loss/total: 1.03697  ,  Loss/giou: 0.32737  ,  Loss/l1: 0.08963  ,  IoU: 0.69253  ,  Loss/cls: 0.04060
[train: 4, 250 / 1875] FPS: 29.4 (192.9)  ,  Loss/total: 1.03246  ,  Loss/giou: 0.32623  ,  Loss/l1: 0.08923  ,  IoU: 0.69382  ,  Loss/cls: 0.04031
[train: 4, 300 / 1875] FPS: 31.9 (196.3)  ,  Loss/total: 1.03256  ,  Loss/giou: 0.32600  ,  Loss/l1: 0.08913  ,  IoU: 0.69394  ,  Loss/cls: 0.04046
[train: 4, 350 / 1875] FPS: 33.8 (189.4)  ,  Loss/total: 1.03023  ,  Loss/giou: 0.32535  ,  Loss/l1: 0.08882  ,  IoU: 0.69442  ,  Loss/cls: 0.04038
[train: 4, 400 / 1875] FPS: 35.7 (216.7)  ,  Loss/total: 1.03157  ,  Loss/giou: 0.32595  ,  Loss/l1: 0.08906  ,  IoU: 0.69402  ,  Loss/cls: 0.04031
[train: 4, 450 / 1875] FPS: 37.5 (230.0)  ,  Loss/total: 1.02928  ,  Loss/giou: 0.32518  ,  Loss/l1: 0.08880  ,  IoU: 0.69462  ,  Loss/cls: 0.04026
[train: 4, 500 / 1875] FPS: 38.8 (213.1)  ,  Loss/total: 1.02680  ,  Loss/giou: 0.32454  ,  Loss/l1: 0.08860  ,  IoU: 0.69510  ,  Loss/cls: 0.04010
[train: 4, 550 / 1875] FPS: 40.4 (189.8)  ,  Loss/total: 1.02459  ,  Loss/giou: 0.32393  ,  Loss/l1: 0.08844  ,  IoU: 0.69566  ,  Loss/cls: 0.03997
[train: 4, 600 / 1875] FPS: 42.0 (65.7)  ,  Loss/total: 1.02378  ,  Loss/giou: 0.32374  ,  Loss/l1: 0.08837  ,  IoU: 0.69581  ,  Loss/cls: 0.03991
[train: 4, 650 / 1875] FPS: 43.3 (187.9)  ,  Loss/total: 1.02350  ,  Loss/giou: 0.32360  ,  Loss/l1: 0.08837  ,  IoU: 0.69598  ,  Loss/cls: 0.03991
[train: 4, 700 / 1875] FPS: 44.7 (200.4)  ,  Loss/total: 1.02212  ,  Loss/giou: 0.32339  ,  Loss/l1: 0.08835  ,  IoU: 0.69619  ,  Loss/cls: 0.03973
[train: 4, 750 / 1875] FPS: 45.8 (207.4)  ,  Loss/total: 1.02069  ,  Loss/giou: 0.32312  ,  Loss/l1: 0.08818  ,  IoU: 0.69644  ,  Loss/cls: 0.03962
[train: 4, 800 / 1875] FPS: 46.9 (181.4)  ,  Loss/total: 1.01835  ,  Loss/giou: 0.32238  ,  Loss/l1: 0.08796  ,  IoU: 0.69707  ,  Loss/cls: 0.03953
[train: 4, 850 / 1875] FPS: 48.1 (159.1)  ,  Loss/total: 1.01622  ,  Loss/giou: 0.32185  ,  Loss/l1: 0.08784  ,  IoU: 0.69754  ,  Loss/cls: 0.03937
[train: 4, 900 / 1875] FPS: 49.1 (134.0)  ,  Loss/total: 1.01459  ,  Loss/giou: 0.32137  ,  Loss/l1: 0.08770  ,  IoU: 0.69795  ,  Loss/cls: 0.03929
[train: 4, 950 / 1875] FPS: 50.2 (169.7)  ,  Loss/total: 1.01273  ,  Loss/giou: 0.32090  ,  Loss/l1: 0.08752  ,  IoU: 0.69835  ,  Loss/cls: 0.03918
[train: 4, 1000 / 1875] FPS: 51.4 (205.7)  ,  Loss/total: 1.01254  ,  Loss/giou: 0.32084  ,  Loss/l1: 0.08755  ,  IoU: 0.69845  ,  Loss/cls: 0.03915
[train: 4, 1050 / 1875] FPS: 52.3 (139.3)  ,  Loss/total: 1.01087  ,  Loss/giou: 0.32042  ,  Loss/l1: 0.08738  ,  IoU: 0.69887  ,  Loss/cls: 0.03905
[train: 4, 1100 / 1875] FPS: 53.3 (154.6)  ,  Loss/total: 1.00864  ,  Loss/giou: 0.31982  ,  Loss/l1: 0.08721  ,  IoU: 0.69937  ,  Loss/cls: 0.03892
[train: 4, 1150 / 1875] FPS: 54.0 (157.7)  ,  Loss/total: 1.00809  ,  Loss/giou: 0.31965  ,  Loss/l1: 0.08720  ,  IoU: 0.69954  ,  Loss/cls: 0.03888
[train: 4, 1200 / 1875] FPS: 54.9 (194.1)  ,  Loss/total: 1.00691  ,  Loss/giou: 0.31937  ,  Loss/l1: 0.08708  ,  IoU: 0.69978  ,  Loss/cls: 0.03880
[train: 4, 1250 / 1875] FPS: 55.7 (193.0)  ,  Loss/total: 1.00607  ,  Loss/giou: 0.31914  ,  Loss/l1: 0.08705  ,  IoU: 0.70000  ,  Loss/cls: 0.03874
[train: 4, 1300 / 1875] FPS: 56.5 (163.6)  ,  Loss/total: 1.00554  ,  Loss/giou: 0.31895  ,  Loss/l1: 0.08702  ,  IoU: 0.70018  ,  Loss/cls: 0.03872
[train: 4, 1350 / 1875] FPS: 57.3 (164.6)  ,  Loss/total: 1.00425  ,  Loss/giou: 0.31870  ,  Loss/l1: 0.08693  ,  IoU: 0.70046  ,  Loss/cls: 0.03860
[train: 4, 1400 / 1875] FPS: 58.0 (179.9)  ,  Loss/total: 1.00256  ,  Loss/giou: 0.31824  ,  Loss/l1: 0.08674  ,  IoU: 0.70083  ,  Loss/cls: 0.03852
[train: 4, 1450 / 1875] FPS: 58.6 (162.9)  ,  Loss/total: 1.00147  ,  Loss/giou: 0.31799  ,  Loss/l1: 0.08663  ,  IoU: 0.70105  ,  Loss/cls: 0.03845
[train: 4, 1500 / 1875] FPS: 59.3 (157.4)  ,  Loss/total: 1.00076  ,  Loss/giou: 0.31780  ,  Loss/l1: 0.08656  ,  IoU: 0.70122  ,  Loss/cls: 0.03841
[train: 4, 1550 / 1875] FPS: 60.1 (187.1)  ,  Loss/total: 1.00072  ,  Loss/giou: 0.31777  ,  Loss/l1: 0.08657  ,  IoU: 0.70128  ,  Loss/cls: 0.03841
[train: 4, 1600 / 1875] FPS: 60.8 (193.7)  ,  Loss/total: 0.99947  ,  Loss/giou: 0.31740  ,  Loss/l1: 0.08642  ,  IoU: 0.70162  ,  Loss/cls: 0.03836
[train: 4, 1650 / 1875] FPS: 61.5 (173.3)  ,  Loss/total: 0.99832  ,  Loss/giou: 0.31709  ,  Loss/l1: 0.08632  ,  IoU: 0.70189  ,  Loss/cls: 0.03830
[train: 4, 1700 / 1875] FPS: 62.2 (139.1)  ,  Loss/total: 0.99766  ,  Loss/giou: 0.31689  ,  Loss/l1: 0.08621  ,  IoU: 0.70207  ,  Loss/cls: 0.03829
[train: 4, 1750 / 1875] FPS: 62.8 (194.1)  ,  Loss/total: 0.99631  ,  Loss/giou: 0.31651  ,  Loss/l1: 0.08609  ,  IoU: 0.70240  ,  Loss/cls: 0.03822
[train: 4, 1800 / 1875] FPS: 63.5 (156.4)  ,  Loss/total: 0.99585  ,  Loss/giou: 0.31640  ,  Loss/l1: 0.08604  ,  IoU: 0.70251  ,  Loss/cls: 0.03819
[train: 4, 1850 / 1875] FPS: 64.2 (112.0)  ,  Loss/total: 0.99435  ,  Loss/giou: 0.31598  ,  Loss/l1: 0.08591  ,  IoU: 0.70288  ,  Loss/cls: 0.03811
[train: 4, 1875 / 1875] FPS: 64.6 (127.7)  ,  Loss/total: 0.99371  ,  Loss/giou: 0.31582  ,  Loss/l1: 0.08585  ,  IoU: 0.70303  ,  Loss/cls: 0.03808
[train: 5, 50 / 1875] FPS: 12.9 (41.9)  ,  Loss/total: 0.96477  ,  Loss/giou: 0.30942  ,  Loss/l1: 0.08467  ,  IoU: 0.70966  ,  Loss/cls: 0.03532
[train: 5, 100 / 1875] FPS: 20.9 (205.2)  ,  Loss/total: 0.96879  ,  Loss/giou: 0.30893  ,  Loss/l1: 0.08464  ,  IoU: 0.71023  ,  Loss/cls: 0.03633
[train: 5, 150 / 1875] FPS: 26.7 (232.1)  ,  Loss/total: 0.95767  ,  Loss/giou: 0.30677  ,  Loss/l1: 0.08342  ,  IoU: 0.71188  ,  Loss/cls: 0.03546
[train: 5, 200 / 1875] FPS: 30.6 (203.8)  ,  Loss/total: 0.95794  ,  Loss/giou: 0.30678  ,  Loss/l1: 0.08327  ,  IoU: 0.71179  ,  Loss/cls: 0.03557
[train: 5, 250 / 1875] FPS: 33.9 (197.2)  ,  Loss/total: 0.95193  ,  Loss/giou: 0.30522  ,  Loss/l1: 0.08276  ,  IoU: 0.71305  ,  Loss/cls: 0.03519
[train: 5, 300 / 1875] FPS: 36.9 (187.0)  ,  Loss/total: 0.95469  ,  Loss/giou: 0.30545  ,  Loss/l1: 0.08308  ,  IoU: 0.71276  ,  Loss/cls: 0.03553
[train: 5, 350 / 1875] FPS: 39.2 (161.4)  ,  Loss/total: 0.95316  ,  Loss/giou: 0.30490  ,  Loss/l1: 0.08287  ,  IoU: 0.71318  ,  Loss/cls: 0.03552
[train: 5, 400 / 1875] FPS: 41.3 (194.7)  ,  Loss/total: 0.95171  ,  Loss/giou: 0.30441  ,  Loss/l1: 0.08263  ,  IoU: 0.71357  ,  Loss/cls: 0.03553
[train: 5, 450 / 1875] FPS: 43.6 (184.1)  ,  Loss/total: 0.95384  ,  Loss/giou: 0.30487  ,  Loss/l1: 0.08286  ,  IoU: 0.71312  ,  Loss/cls: 0.03568
[train: 5, 500 / 1875] FPS: 45.4 (205.6)  ,  Loss/total: 0.95154  ,  Loss/giou: 0.30428  ,  Loss/l1: 0.08260  ,  IoU: 0.71360  ,  Loss/cls: 0.03556
[train: 5, 550 / 1875] FPS: 47.0 (206.0)  ,  Loss/total: 0.95051  ,  Loss/giou: 0.30409  ,  Loss/l1: 0.08248  ,  IoU: 0.71380  ,  Loss/cls: 0.03547
[train: 5, 600 / 1875] FPS: 48.3 (203.4)  ,  Loss/total: 0.94859  ,  Loss/giou: 0.30344  ,  Loss/l1: 0.08225  ,  IoU: 0.71438  ,  Loss/cls: 0.03544
[train: 5, 650 / 1875] FPS: 49.7 (78.8)  ,  Loss/total: 0.94535  ,  Loss/giou: 0.30268  ,  Loss/l1: 0.08184  ,  IoU: 0.71506  ,  Loss/cls: 0.03526
[train: 5, 700 / 1875] FPS: 51.0 (138.0)  ,  Loss/total: 0.94475  ,  Loss/giou: 0.30254  ,  Loss/l1: 0.08182  ,  IoU: 0.71524  ,  Loss/cls: 0.03521
[train: 5, 750 / 1875] FPS: 52.0 (210.1)  ,  Loss/total: 0.94332  ,  Loss/giou: 0.30216  ,  Loss/l1: 0.08170  ,  IoU: 0.71556  ,  Loss/cls: 0.03512
[train: 5, 800 / 1875] FPS: 53.2 (184.0)  ,  Loss/total: 0.94143  ,  Loss/giou: 0.30173  ,  Loss/l1: 0.08147  ,  IoU: 0.71589  ,  Loss/cls: 0.03500
[train: 5, 850 / 1875] FPS: 54.2 (190.5)  ,  Loss/total: 0.94031  ,  Loss/giou: 0.30136  ,  Loss/l1: 0.08138  ,  IoU: 0.71626  ,  Loss/cls: 0.03496
[train: 5, 900 / 1875] FPS: 55.4 (170.1)  ,  Loss/total: 0.93972  ,  Loss/giou: 0.30135  ,  Loss/l1: 0.08139  ,  IoU: 0.71628  ,  Loss/cls: 0.03485
[train: 5, 950 / 1875] FPS: 56.4 (28.0)  ,  Loss/total: 0.93926  ,  Loss/giou: 0.30123  ,  Loss/l1: 0.08139  ,  IoU: 0.71640  ,  Loss/cls: 0.03480
[train: 5, 1000 / 1875] FPS: 57.4 (201.0)  ,  Loss/total: 0.93769  ,  Loss/giou: 0.30083  ,  Loss/l1: 0.08127  ,  IoU: 0.71680  ,  Loss/cls: 0.03470
[train: 5, 1050 / 1875] FPS: 58.4 (214.7)  ,  Loss/total: 0.93679  ,  Loss/giou: 0.30051  ,  Loss/l1: 0.08118  ,  IoU: 0.71705  ,  Loss/cls: 0.03468
[train: 5, 1100 / 1875] FPS: 59.4 (169.7)  ,  Loss/total: 0.93575  ,  Loss/giou: 0.30020  ,  Loss/l1: 0.08112  ,  IoU: 0.71731  ,  Loss/cls: 0.03462
[train: 5, 1150 / 1875] FPS: 60.3 (25.4)  ,  Loss/total: 0.93491  ,  Loss/giou: 0.29990  ,  Loss/l1: 0.08102  ,  IoU: 0.71759  ,  Loss/cls: 0.03461
[train: 5, 1200 / 1875] FPS: 61.2 (112.4)  ,  Loss/total: 0.93513  ,  Loss/giou: 0.30001  ,  Loss/l1: 0.08107  ,  IoU: 0.71752  ,  Loss/cls: 0.03460
[train: 5, 1250 / 1875] FPS: 61.8 (210.0)  ,  Loss/total: 0.93419  ,  Loss/giou: 0.29981  ,  Loss/l1: 0.08098  ,  IoU: 0.71772  ,  Loss/cls: 0.03453
[train: 5, 1300 / 1875] FPS: 62.3 (184.5)  ,  Loss/total: 0.93272  ,  Loss/giou: 0.29941  ,  Loss/l1: 0.08084  ,  IoU: 0.71807  ,  Loss/cls: 0.03444
[train: 5, 1350 / 1875] FPS: 62.6 (114.4)  ,  Loss/total: 0.93141  ,  Loss/giou: 0.29895  ,  Loss/l1: 0.08072  ,  IoU: 0.71847  ,  Loss/cls: 0.03441
[train: 5, 1400 / 1875] FPS: 63.3 (211.0)  ,  Loss/total: 0.93016  ,  Loss/giou: 0.29868  ,  Loss/l1: 0.08061  ,  IoU: 0.71871  ,  Loss/cls: 0.03432
[train: 5, 1450 / 1875] FPS: 63.8 (203.0)  ,  Loss/total: 0.93003  ,  Loss/giou: 0.29858  ,  Loss/l1: 0.08061  ,  IoU: 0.71879  ,  Loss/cls: 0.03433
[train: 5, 1500 / 1875] FPS: 63.8 (149.7)  ,  Loss/total: 0.92874  ,  Loss/giou: 0.29819  ,  Loss/l1: 0.08049  ,  IoU: 0.71915  ,  Loss/cls: 0.03428
[train: 5, 1550 / 1875] FPS: 64.5 (167.2)  ,  Loss/total: 0.92766  ,  Loss/giou: 0.29790  ,  Loss/l1: 0.08036  ,  IoU: 0.71942  ,  Loss/cls: 0.03423
[train: 5, 1600 / 1875] FPS: 65.2 (151.2)  ,  Loss/total: 0.92613  ,  Loss/giou: 0.29745  ,  Loss/l1: 0.08021  ,  IoU: 0.71980  ,  Loss/cls: 0.03416
[train: 5, 1650 / 1875] FPS: 65.8 (220.0)  ,  Loss/total: 0.92558  ,  Loss/giou: 0.29730  ,  Loss/l1: 0.08016  ,  IoU: 0.71995  ,  Loss/cls: 0.03413
[train: 5, 1700 / 1875] FPS: 66.3 (194.1)  ,  Loss/total: 0.92431  ,  Loss/giou: 0.29693  ,  Loss/l1: 0.08004  ,  IoU: 0.72027  ,  Loss/cls: 0.03407
[train: 5, 1750 / 1875] FPS: 67.1 (182.7)  ,  Loss/total: 0.92354  ,  Loss/giou: 0.29671  ,  Loss/l1: 0.08001  ,  IoU: 0.72052  ,  Loss/cls: 0.03402
[train: 5, 1800 / 1875] FPS: 67.8 (147.1)  ,  Loss/total: 0.92236  ,  Loss/giou: 0.29637  ,  Loss/l1: 0.07990  ,  IoU: 0.72081  ,  Loss/cls: 0.03396
[train: 5, 1850 / 1875] FPS: 68.6 (172.2)  ,  Loss/total: 0.92193  ,  Loss/giou: 0.29632  ,  Loss/l1: 0.07987  ,  IoU: 0.72085  ,  Loss/cls: 0.03391
[train: 5, 1875 / 1875] FPS: 69.0 (222.5)  ,  Loss/total: 0.92199  ,  Loss/giou: 0.29633  ,  Loss/l1: 0.07990  ,  IoU: 0.72086  ,  Loss/cls: 0.03391
[train: 6, 50 / 1875] FPS: 12.9 (13.9)  ,  Loss/total: 0.89458  ,  Loss/giou: 0.28585  ,  Loss/l1: 0.07796  ,  IoU: 0.73095  ,  Loss/cls: 0.03339
[train: 6, 100 / 1875] FPS: 20.7 (157.0)  ,  Loss/total: 0.89915  ,  Loss/giou: 0.28901  ,  Loss/l1: 0.07816  ,  IoU: 0.72767  ,  Loss/cls: 0.03296
[train: 6, 150 / 1875] FPS: 26.0 (200.2)  ,  Loss/total: 0.89362  ,  Loss/giou: 0.28777  ,  Loss/l1: 0.07774  ,  IoU: 0.72902  ,  Loss/cls: 0.03252
[train: 6, 200 / 1875] FPS: 30.3 (222.3)  ,  Loss/total: 0.89069  ,  Loss/giou: 0.28700  ,  Loss/l1: 0.07741  ,  IoU: 0.72947  ,  Loss/cls: 0.03237
[train: 6, 250 / 1875] FPS: 33.6 (152.5)  ,  Loss/total: 0.88864  ,  Loss/giou: 0.28634  ,  Loss/l1: 0.07719  ,  IoU: 0.73018  ,  Loss/cls: 0.03232
[train: 6, 300 / 1875] FPS: 36.0 (11.9)  ,  Loss/total: 0.88510  ,  Loss/giou: 0.28561  ,  Loss/l1: 0.07689  ,  IoU: 0.73059  ,  Loss/cls: 0.03202
[train: 6, 350 / 1875] FPS: 38.7 (184.6)  ,  Loss/total: 0.88759  ,  Loss/giou: 0.28664  ,  Loss/l1: 0.07729  ,  IoU: 0.72986  ,  Loss/cls: 0.03195
[train: 6, 400 / 1875] FPS: 40.6 (178.0)  ,  Loss/total: 0.88789  ,  Loss/giou: 0.28661  ,  Loss/l1: 0.07720  ,  IoU: 0.72992  ,  Loss/cls: 0.03205
[train: 6, 450 / 1875] FPS: 42.4 (183.2)  ,  Loss/total: 0.88670  ,  Loss/giou: 0.28666  ,  Loss/l1: 0.07703  ,  IoU: 0.72995  ,  Loss/cls: 0.03187
[train: 6, 500 / 1875] FPS: 44.2 (196.9)  ,  Loss/total: 0.88772  ,  Loss/giou: 0.28675  ,  Loss/l1: 0.07722  ,  IoU: 0.72996  ,  Loss/cls: 0.03196
[train: 6, 550 / 1875] FPS: 45.7 (12.6)  ,  Loss/total: 0.88753  ,  Loss/giou: 0.28683  ,  Loss/l1: 0.07716  ,  IoU: 0.72991  ,  Loss/cls: 0.03191
[train: 6, 600 / 1875] FPS: 47.3 (208.5)  ,  Loss/total: 0.88603  ,  Loss/giou: 0.28629  ,  Loss/l1: 0.07698  ,  IoU: 0.73033  ,  Loss/cls: 0.03190
[train: 6, 650 / 1875] FPS: 48.7 (190.9)  ,  Loss/total: 0.88553  ,  Loss/giou: 0.28617  ,  Loss/l1: 0.07692  ,  IoU: 0.73041  ,  Loss/cls: 0.03187
[train: 6, 700 / 1875] FPS: 49.9 (129.1)  ,  Loss/total: 0.88470  ,  Loss/giou: 0.28596  ,  Loss/l1: 0.07685  ,  IoU: 0.73058  ,  Loss/cls: 0.03182
[train: 6, 750 / 1875] FPS: 50.8 (184.6)  ,  Loss/total: 0.88306  ,  Loss/giou: 0.28548  ,  Loss/l1: 0.07669  ,  IoU: 0.73103  ,  Loss/cls: 0.03175
[train: 6, 800 / 1875] FPS: 50.2 (203.1)  ,  Loss/total: 0.88402  ,  Loss/giou: 0.28565  ,  Loss/l1: 0.07675  ,  IoU: 0.73088  ,  Loss/cls: 0.03184
[train: 6, 850 / 1875] FPS: 48.6 (7.3)  ,  Loss/total: 0.88352  ,  Loss/giou: 0.28565  ,  Loss/l1: 0.07671  ,  IoU: 0.73088  ,  Loss/cls: 0.03176
[train: 6, 900 / 1875] FPS: 49.4 (23.6)  ,  Loss/total: 0.88364  ,  Loss/giou: 0.28568  ,  Loss/l1: 0.07672  ,  IoU: 0.73078  ,  Loss/cls: 0.03177
[train: 6, 950 / 1875] FPS: 50.3 (184.0)  ,  Loss/total: 0.88314  ,  Loss/giou: 0.28557  ,  Loss/l1: 0.07669  ,  IoU: 0.73088  ,  Loss/cls: 0.03172
[train: 6, 1000 / 1875] FPS: 51.2 (189.6)  ,  Loss/total: 0.88206  ,  Loss/giou: 0.28524  ,  Loss/l1: 0.07656  ,  IoU: 0.73112  ,  Loss/cls: 0.03169
[train: 6, 1050 / 1875] FPS: 52.2 (145.9)  ,  Loss/total: 0.88102  ,  Loss/giou: 0.28503  ,  Loss/l1: 0.07646  ,  IoU: 0.73127  ,  Loss/cls: 0.03161
[train: 6, 1100 / 1875] FPS: 53.1 (23.6)  ,  Loss/total: 0.88051  ,  Loss/giou: 0.28484  ,  Loss/l1: 0.07639  ,  IoU: 0.73142  ,  Loss/cls: 0.03161
[train: 6, 1150 / 1875] FPS: 53.5 (217.5)  ,  Loss/total: 0.87957  ,  Loss/giou: 0.28463  ,  Loss/l1: 0.07629  ,  IoU: 0.73162  ,  Loss/cls: 0.03155
[train: 6, 1200 / 1875] FPS: 54.4 (178.6)  ,  Loss/total: 0.87989  ,  Loss/giou: 0.28474  ,  Loss/l1: 0.07635  ,  IoU: 0.73157  ,  Loss/cls: 0.03154
[train: 6, 1250 / 1875] FPS: 55.1 (76.9)  ,  Loss/total: 0.87974  ,  Loss/giou: 0.28469  ,  Loss/l1: 0.07638  ,  IoU: 0.73161  ,  Loss/cls: 0.03152
[train: 6, 1300 / 1875] FPS: 56.0 (187.6)  ,  Loss/total: 0.87936  ,  Loss/giou: 0.28455  ,  Loss/l1: 0.07637  ,  IoU: 0.73175  ,  Loss/cls: 0.03150
[train: 6, 1350 / 1875] FPS: 55.9 (187.1)  ,  Loss/total: 0.87860  ,  Loss/giou: 0.28425  ,  Loss/l1: 0.07629  ,  IoU: 0.73203  ,  Loss/cls: 0.03151
[train: 6, 1400 / 1875] FPS: 56.7 (180.2)  ,  Loss/total: 0.87837  ,  Loss/giou: 0.28423  ,  Loss/l1: 0.07626  ,  IoU: 0.73207  ,  Loss/cls: 0.03148
[train: 6, 1450 / 1875] FPS: 57.5 (176.9)  ,  Loss/total: 0.87793  ,  Loss/giou: 0.28409  ,  Loss/l1: 0.07624  ,  IoU: 0.73220  ,  Loss/cls: 0.03145
[train: 6, 1500 / 1875] FPS: 58.3 (162.4)  ,  Loss/total: 0.87765  ,  Loss/giou: 0.28403  ,  Loss/l1: 0.07622  ,  IoU: 0.73229  ,  Loss/cls: 0.03143
[train: 6, 1550 / 1875] FPS: 59.1 (219.2)  ,  Loss/total: 0.87635  ,  Loss/giou: 0.28369  ,  Loss/l1: 0.07608  ,  IoU: 0.73258  ,  Loss/cls: 0.03136
[train: 6, 1600 / 1875] FPS: 59.8 (185.2)  ,  Loss/total: 0.87589  ,  Loss/giou: 0.28359  ,  Loss/l1: 0.07606  ,  IoU: 0.73266  ,  Loss/cls: 0.03132
[train: 6, 1650 / 1875] FPS: 60.4 (191.8)  ,  Loss/total: 0.87570  ,  Loss/giou: 0.28353  ,  Loss/l1: 0.07606  ,  IoU: 0.73271  ,  Loss/cls: 0.03130
[train: 6, 1700 / 1875] FPS: 61.2 (161.0)  ,  Loss/total: 0.87600  ,  Loss/giou: 0.28361  ,  Loss/l1: 0.07612  ,  IoU: 0.73265  ,  Loss/cls: 0.03131
[train: 6, 1750 / 1875] FPS: 61.9 (184.9)  ,  Loss/total: 0.87494  ,  Loss/giou: 0.28329  ,  Loss/l1: 0.07601  ,  IoU: 0.73291  ,  Loss/cls: 0.03126
[train: 6, 1800 / 1875] FPS: 62.7 (172.2)  ,  Loss/total: 0.87431  ,  Loss/giou: 0.28316  ,  Loss/l1: 0.07596  ,  IoU: 0.73305  ,  Loss/cls: 0.03121
[train: 6, 1850 / 1875] FPS: 63.3 (161.2)  ,  Loss/total: 0.87349  ,  Loss/giou: 0.28296  ,  Loss/l1: 0.07588  ,  IoU: 0.73324  ,  Loss/cls: 0.03116
[train: 6, 1875 / 1875] FPS: 63.8 (72.1)  ,  Loss/total: 0.87335  ,  Loss/giou: 0.28293  ,  Loss/l1: 0.07586  ,  IoU: 0.73327  ,  Loss/cls: 0.03116
[train: 7, 50 / 1875] FPS: 12.8 (20.1)  ,  Loss/total: 0.84935  ,  Loss/giou: 0.27706  ,  Loss/l1: 0.07280  ,  IoU: 0.73858  ,  Loss/cls: 0.02993
[train: 7, 100 / 1875] FPS: 20.9 (171.7)  ,  Loss/total: 0.85266  ,  Loss/giou: 0.27742  ,  Loss/l1: 0.07388  ,  IoU: 0.73872  ,  Loss/cls: 0.03001
[train: 7, 150 / 1875] FPS: 26.6 (228.5)  ,  Loss/total: 0.84813  ,  Loss/giou: 0.27615  ,  Loss/l1: 0.07357  ,  IoU: 0.73953  ,  Loss/cls: 0.02974
[train: 7, 200 / 1875] FPS: 31.0 (100.6)  ,  Loss/total: 0.84893  ,  Loss/giou: 0.27641  ,  Loss/l1: 0.07362  ,  IoU: 0.73915  ,  Loss/cls: 0.02977
[train: 7, 250 / 1875] FPS: 34.2 (9.2)  ,  Loss/total: 0.84343  ,  Loss/giou: 0.27491  ,  Loss/l1: 0.07304  ,  IoU: 0.74045  ,  Loss/cls: 0.02951
[train: 7, 300 / 1875] FPS: 37.1 (166.0)  ,  Loss/total: 0.84486  ,  Loss/giou: 0.27506  ,  Loss/l1: 0.07332  ,  IoU: 0.74038  ,  Loss/cls: 0.02962
[train: 7, 350 / 1875] FPS: 39.6 (12.8)  ,  Loss/total: 0.84573  ,  Loss/giou: 0.27499  ,  Loss/l1: 0.07332  ,  IoU: 0.74041  ,  Loss/cls: 0.02982
[train: 7, 400 / 1875] FPS: 41.9 (161.2)  ,  Loss/total: 0.84559  ,  Loss/giou: 0.27505  ,  Loss/l1: 0.07337  ,  IoU: 0.74036  ,  Loss/cls: 0.02975
[train: 7, 450 / 1875] FPS: 43.6 (220.2)  ,  Loss/total: 0.84452  ,  Loss/giou: 0.27469  ,  Loss/l1: 0.07327  ,  IoU: 0.74069  ,  Loss/cls: 0.02972
[train: 7, 500 / 1875] FPS: 44.5 (200.6)  ,  Loss/total: 0.84547  ,  Loss/giou: 0.27516  ,  Loss/l1: 0.07333  ,  IoU: 0.74034  ,  Loss/cls: 0.02970
[train: 7, 550 / 1875] FPS: 45.7 (176.8)  ,  Loss/total: 0.84441  ,  Loss/giou: 0.27489  ,  Loss/l1: 0.07327  ,  IoU: 0.74062  ,  Loss/cls: 0.02962
[train: 7, 600 / 1875] FPS: 46.8 (170.3)  ,  Loss/total: 0.84467  ,  Loss/giou: 0.27483  ,  Loss/l1: 0.07331  ,  IoU: 0.74068  ,  Loss/cls: 0.02968
[train: 7, 650 / 1875] FPS: 47.9 (195.0)  ,  Loss/total: 0.84582  ,  Loss/giou: 0.27512  ,  Loss/l1: 0.07354  ,  IoU: 0.74044  ,  Loss/cls: 0.02970
[train: 7, 700 / 1875] FPS: 48.6 (177.7)  ,  Loss/total: 0.84562  ,  Loss/giou: 0.27506  ,  Loss/l1: 0.07355  ,  IoU: 0.74044  ,  Loss/cls: 0.02968
[train: 7, 750 / 1875] FPS: 49.4 (13.8)  ,  Loss/total: 0.84520  ,  Loss/giou: 0.27488  ,  Loss/l1: 0.07353  ,  IoU: 0.74062  ,  Loss/cls: 0.02967
[train: 7, 800 / 1875] FPS: 50.6 (171.6)  ,  Loss/total: 0.84462  ,  Loss/giou: 0.27463  ,  Loss/l1: 0.07346  ,  IoU: 0.74085  ,  Loss/cls: 0.02969
[train: 7, 850 / 1875] FPS: 51.2 (118.6)  ,  Loss/total: 0.84336  ,  Loss/giou: 0.27436  ,  Loss/l1: 0.07332  ,  IoU: 0.74106  ,  Loss/cls: 0.02960
[train: 7, 900 / 1875] FPS: 51.9 (176.0)  ,  Loss/total: 0.84430  ,  Loss/giou: 0.27461  ,  Loss/l1: 0.07346  ,  IoU: 0.74094  ,  Loss/cls: 0.02964
[train: 7, 950 / 1875] FPS: 52.7 (186.3)  ,  Loss/total: 0.84310  ,  Loss/giou: 0.27428  ,  Loss/l1: 0.07332  ,  IoU: 0.74122  ,  Loss/cls: 0.02958
[train: 7, 1000 / 1875] FPS: 53.3 (138.5)  ,  Loss/total: 0.84340  ,  Loss/giou: 0.27447  ,  Loss/l1: 0.07332  ,  IoU: 0.74102  ,  Loss/cls: 0.02957
[train: 7, 1050 / 1875] FPS: 54.1 (158.8)  ,  Loss/total: 0.84230  ,  Loss/giou: 0.27411  ,  Loss/l1: 0.07322  ,  IoU: 0.74136  ,  Loss/cls: 0.02953
[train: 7, 1100 / 1875] FPS: 54.8 (162.6)  ,  Loss/total: 0.84200  ,  Loss/giou: 0.27402  ,  Loss/l1: 0.07327  ,  IoU: 0.74142  ,  Loss/cls: 0.02948
[train: 7, 1150 / 1875] FPS: 55.2 (11.2)  ,  Loss/total: 0.84093  ,  Loss/giou: 0.27375  ,  Loss/l1: 0.07315  ,  IoU: 0.74167  ,  Loss/cls: 0.02943
[train: 7, 1200 / 1875] FPS: 56.0 (168.7)  ,  Loss/total: 0.84071  ,  Loss/giou: 0.27372  ,  Loss/l1: 0.07316  ,  IoU: 0.74169  ,  Loss/cls: 0.02939
[train: 7, 1250 / 1875] FPS: 56.5 (30.3)  ,  Loss/total: 0.83982  ,  Loss/giou: 0.27349  ,  Loss/l1: 0.07309  ,  IoU: 0.74188  ,  Loss/cls: 0.02933
[train: 7, 1300 / 1875] FPS: 57.3 (182.6)  ,  Loss/total: 0.83906  ,  Loss/giou: 0.27335  ,  Loss/l1: 0.07300  ,  IoU: 0.74201  ,  Loss/cls: 0.02927
[train: 7, 1350 / 1875] FPS: 57.9 (19.1)  ,  Loss/total: 0.83866  ,  Loss/giou: 0.27325  ,  Loss/l1: 0.07298  ,  IoU: 0.74207  ,  Loss/cls: 0.02924
[train: 7, 1400 / 1875] FPS: 58.7 (165.7)  ,  Loss/total: 0.83922  ,  Loss/giou: 0.27340  ,  Loss/l1: 0.07304  ,  IoU: 0.74198  ,  Loss/cls: 0.02927
[train: 7, 1450 / 1875] FPS: 59.3 (23.2)  ,  Loss/total: 0.83973  ,  Loss/giou: 0.27350  ,  Loss/l1: 0.07311  ,  IoU: 0.74190  ,  Loss/cls: 0.02930
[train: 7, 1500 / 1875] FPS: 60.1 (151.3)  ,  Loss/total: 0.83888  ,  Loss/giou: 0.27329  ,  Loss/l1: 0.07305  ,  IoU: 0.74209  ,  Loss/cls: 0.02924
[train: 7, 1550 / 1875] FPS: 60.7 (28.5)  ,  Loss/total: 0.83854  ,  Loss/giou: 0.27320  ,  Loss/l1: 0.07303  ,  IoU: 0.74218  ,  Loss/cls: 0.02921
[train: 7, 1600 / 1875] FPS: 61.3 (164.2)  ,  Loss/total: 0.83787  ,  Loss/giou: 0.27306  ,  Loss/l1: 0.07296  ,  IoU: 0.74230  ,  Loss/cls: 0.02917
[train: 7, 1650 / 1875] FPS: 62.0 (167.9)  ,  Loss/total: 0.83804  ,  Loss/giou: 0.27306  ,  Loss/l1: 0.07298  ,  IoU: 0.74232  ,  Loss/cls: 0.02919
[train: 7, 1700 / 1875] FPS: 62.7 (41.3)  ,  Loss/total: 0.83760  ,  Loss/giou: 0.27292  ,  Loss/l1: 0.07291  ,  IoU: 0.74244  ,  Loss/cls: 0.02919
[train: 7, 1750 / 1875] FPS: 63.3 (141.1)  ,  Loss/total: 0.83659  ,  Loss/giou: 0.27267  ,  Loss/l1: 0.07280  ,  IoU: 0.74265  ,  Loss/cls: 0.02913
[train: 7, 1800 / 1875] FPS: 64.0 (138.9)  ,  Loss/total: 0.83575  ,  Loss/giou: 0.27245  ,  Loss/l1: 0.07273  ,  IoU: 0.74284  ,  Loss/cls: 0.02908
[train: 7, 1850 / 1875] FPS: 64.6 (160.2)  ,  Loss/total: 0.83522  ,  Loss/giou: 0.27236  ,  Loss/l1: 0.07270  ,  IoU: 0.74292  ,  Loss/cls: 0.02902
[train: 7, 1875 / 1875] FPS: 65.0 (201.0)  ,  Loss/total: 0.83530  ,  Loss/giou: 0.27237  ,  Loss/l1: 0.07270  ,  IoU: 0.74291  ,  Loss/cls: 0.02903
[train: 8, 50 / 1875] FPS: 13.1 (26.7)  ,  Loss/total: 0.81241  ,  Loss/giou: 0.26691  ,  Loss/l1: 0.07043  ,  IoU: 0.74831  ,  Loss/cls: 0.02755
[train: 8, 100 / 1875] FPS: 20.9 (200.2)  ,  Loss/total: 0.81935  ,  Loss/giou: 0.26847  ,  Loss/l1: 0.07140  ,  IoU: 0.74720  ,  Loss/cls: 0.02792
[train: 8, 150 / 1875] FPS: 26.5 (195.9)  ,  Loss/total: 0.81934  ,  Loss/giou: 0.26806  ,  Loss/l1: 0.07133  ,  IoU: 0.74726  ,  Loss/cls: 0.02811
[train: 8, 200 / 1875] FPS: 30.8 (205.0)  ,  Loss/total: 0.81371  ,  Loss/giou: 0.26658  ,  Loss/l1: 0.07072  ,  IoU: 0.74840  ,  Loss/cls: 0.02782
[train: 8, 250 / 1875] FPS: 33.9 (10.6)  ,  Loss/total: 0.81777  ,  Loss/giou: 0.26768  ,  Loss/l1: 0.07112  ,  IoU: 0.74734  ,  Loss/cls: 0.02803
[train: 8, 300 / 1875] FPS: 36.6 (176.5)  ,  Loss/total: 0.81531  ,  Loss/giou: 0.26684  ,  Loss/l1: 0.07082  ,  IoU: 0.74795  ,  Loss/cls: 0.02800
[train: 8, 350 / 1875] FPS: 38.8 (176.3)  ,  Loss/total: 0.81489  ,  Loss/giou: 0.26705  ,  Loss/l1: 0.07075  ,  IoU: 0.74778  ,  Loss/cls: 0.02786
[train: 8, 400 / 1875] FPS: 40.7 (117.2)  ,  Loss/total: 0.81441  ,  Loss/giou: 0.26680  ,  Loss/l1: 0.07077  ,  IoU: 0.74800  ,  Loss/cls: 0.02785
[train: 8, 450 / 1875] FPS: 42.5 (25.4)  ,  Loss/total: 0.81158  ,  Loss/giou: 0.26598  ,  Loss/l1: 0.07049  ,  IoU: 0.74855  ,  Loss/cls: 0.02773
[train: 8, 500 / 1875] FPS: 43.8 (212.9)  ,  Loss/total: 0.81010  ,  Loss/giou: 0.26547  ,  Loss/l1: 0.07033  ,  IoU: 0.74898  ,  Loss/cls: 0.02770
[train: 8, 550 / 1875] FPS: 45.0 (197.5)  ,  Loss/total: 0.80991  ,  Loss/giou: 0.26561  ,  Loss/l1: 0.07027  ,  IoU: 0.74885  ,  Loss/cls: 0.02763
[train: 8, 600 / 1875] FPS: 46.0 (216.3)  ,  Loss/total: 0.81165  ,  Loss/giou: 0.26591  ,  Loss/l1: 0.07043  ,  IoU: 0.74859  ,  Loss/cls: 0.02779
[train: 8, 650 / 1875] FPS: 46.9 (182.2)  ,  Loss/total: 0.81220  ,  Loss/giou: 0.26595  ,  Loss/l1: 0.07057  ,  IoU: 0.74860  ,  Loss/cls: 0.02783
[train: 8, 700 / 1875] FPS: 48.2 (46.2)  ,  Loss/total: 0.81211  ,  Loss/giou: 0.26586  ,  Loss/l1: 0.07058  ,  IoU: 0.74868  ,  Loss/cls: 0.02785
[train: 8, 750 / 1875] FPS: 49.3 (195.5)  ,  Loss/total: 0.81220  ,  Loss/giou: 0.26586  ,  Loss/l1: 0.07059  ,  IoU: 0.74869  ,  Loss/cls: 0.02786
[train: 8, 800 / 1875] FPS: 50.4 (165.3)  ,  Loss/total: 0.81230  ,  Loss/giou: 0.26590  ,  Loss/l1: 0.07056  ,  IoU: 0.74869  ,  Loss/cls: 0.02788
[train: 8, 850 / 1875] FPS: 51.4 (138.7)  ,  Loss/total: 0.81086  ,  Loss/giou: 0.26548  ,  Loss/l1: 0.07039  ,  IoU: 0.74906  ,  Loss/cls: 0.02783
[train: 8, 900 / 1875] FPS: 52.5 (155.4)  ,  Loss/total: 0.81065  ,  Loss/giou: 0.26528  ,  Loss/l1: 0.07035  ,  IoU: 0.74925  ,  Loss/cls: 0.02787
[train: 8, 950 / 1875] FPS: 53.6 (182.6)  ,  Loss/total: 0.81039  ,  Loss/giou: 0.26523  ,  Loss/l1: 0.07033  ,  IoU: 0.74926  ,  Loss/cls: 0.02786
[train: 8, 1000 / 1875] FPS: 54.3 (163.4)  ,  Loss/total: 0.80975  ,  Loss/giou: 0.26500  ,  Loss/l1: 0.07023  ,  IoU: 0.74943  ,  Loss/cls: 0.02786
[train: 8, 1050 / 1875] FPS: 55.4 (160.9)  ,  Loss/total: 0.80945  ,  Loss/giou: 0.26497  ,  Loss/l1: 0.07025  ,  IoU: 0.74946  ,  Loss/cls: 0.02781
[train: 8, 1100 / 1875] FPS: 56.3 (128.4)  ,  Loss/total: 0.80868  ,  Loss/giou: 0.26487  ,  Loss/l1: 0.07017  ,  IoU: 0.74953  ,  Loss/cls: 0.02772
[train: 8, 1150 / 1875] FPS: 57.2 (187.7)  ,  Loss/total: 0.80860  ,  Loss/giou: 0.26492  ,  Loss/l1: 0.07019  ,  IoU: 0.74952  ,  Loss/cls: 0.02768
[train: 8, 1200 / 1875] FPS: 57.8 (155.9)  ,  Loss/total: 0.80769  ,  Loss/giou: 0.26462  ,  Loss/l1: 0.07010  ,  IoU: 0.74980  ,  Loss/cls: 0.02765
[train: 8, 1250 / 1875] FPS: 58.8 (176.1)  ,  Loss/total: 0.80830  ,  Loss/giou: 0.26478  ,  Loss/l1: 0.07022  ,  IoU: 0.74970  ,  Loss/cls: 0.02766
[train: 8, 1300 / 1875] FPS: 59.6 (184.9)  ,  Loss/total: 0.80859  ,  Loss/giou: 0.26485  ,  Loss/l1: 0.07022  ,  IoU: 0.74964  ,  Loss/cls: 0.02769
[train: 8, 1350 / 1875] FPS: 60.4 (169.0)  ,  Loss/total: 0.80842  ,  Loss/giou: 0.26479  ,  Loss/l1: 0.07018  ,  IoU: 0.74973  ,  Loss/cls: 0.02770
[train: 8, 1400 / 1875] FPS: 61.2 (211.1)  ,  Loss/total: 0.80856  ,  Loss/giou: 0.26480  ,  Loss/l1: 0.07022  ,  IoU: 0.74973  ,  Loss/cls: 0.02771
[train: 8, 1450 / 1875] FPS: 62.0 (180.0)  ,  Loss/total: 0.80756  ,  Loss/giou: 0.26450  ,  Loss/l1: 0.07011  ,  IoU: 0.74997  ,  Loss/cls: 0.02767
[train: 8, 1500 / 1875] FPS: 62.9 (217.6)  ,  Loss/total: 0.80699  ,  Loss/giou: 0.26433  ,  Loss/l1: 0.07006  ,  IoU: 0.75012  ,  Loss/cls: 0.02764
[train: 8, 1550 / 1875] FPS: 63.6 (175.0)  ,  Loss/total: 0.80715  ,  Loss/giou: 0.26440  ,  Loss/l1: 0.07012  ,  IoU: 0.75009  ,  Loss/cls: 0.02762
[train: 8, 1600 / 1875] FPS: 64.3 (145.1)  ,  Loss/total: 0.80689  ,  Loss/giou: 0.26428  ,  Loss/l1: 0.07010  ,  IoU: 0.75018  ,  Loss/cls: 0.02763
[train: 8, 1650 / 1875] FPS: 65.0 (59.6)  ,  Loss/total: 0.80663  ,  Loss/giou: 0.26423  ,  Loss/l1: 0.07008  ,  IoU: 0.75025  ,  Loss/cls: 0.02760
[train: 8, 1700 / 1875] FPS: 65.8 (208.7)  ,  Loss/total: 0.80626  ,  Loss/giou: 0.26412  ,  Loss/l1: 0.07006  ,  IoU: 0.75035  ,  Loss/cls: 0.02758
[train: 8, 1750 / 1875] FPS: 66.5 (149.6)  ,  Loss/total: 0.80586  ,  Loss/giou: 0.26397  ,  Loss/l1: 0.07001  ,  IoU: 0.75050  ,  Loss/cls: 0.02758
[train: 8, 1800 / 1875] FPS: 67.3 (146.4)  ,  Loss/total: 0.80531  ,  Loss/giou: 0.26381  ,  Loss/l1: 0.06995  ,  IoU: 0.75065  ,  Loss/cls: 0.02756
[train: 8, 1850 / 1875] FPS: 67.9 (162.3)  ,  Loss/total: 0.80539  ,  Loss/giou: 0.26383  ,  Loss/l1: 0.06998  ,  IoU: 0.75066  ,  Loss/cls: 0.02755
[train: 8, 1875 / 1875] FPS: 68.3 (198.6)  ,  Loss/total: 0.80549  ,  Loss/giou: 0.26389  ,  Loss/l1: 0.07000  ,  IoU: 0.75063  ,  Loss/cls: 0.02754
[train: 9, 50 / 1875] FPS: 13.4 (12.8)  ,  Loss/total: 0.80102  ,  Loss/giou: 0.26361  ,  Loss/l1: 0.06980  ,  IoU: 0.75020  ,  Loss/cls: 0.02684
[train: 9, 100 / 1875] FPS: 21.7 (34.8)  ,  Loss/total: 0.79167  ,  Loss/giou: 0.26012  ,  Loss/l1: 0.06885  ,  IoU: 0.75385  ,  Loss/cls: 0.02675
[train: 9, 150 / 1875] FPS: 27.6 (224.8)  ,  Loss/total: 0.79484  ,  Loss/giou: 0.26090  ,  Loss/l1: 0.06906  ,  IoU: 0.75314  ,  Loss/cls: 0.02698
[train: 9, 200 / 1875] FPS: 31.9 (147.1)  ,  Loss/total: 0.79655  ,  Loss/giou: 0.26157  ,  Loss/l1: 0.06926  ,  IoU: 0.75245  ,  Loss/cls: 0.02698
[train: 9, 250 / 1875] FPS: 34.5 (182.6)  ,  Loss/total: 0.79568  ,  Loss/giou: 0.26106  ,  Loss/l1: 0.06928  ,  IoU: 0.75286  ,  Loss/cls: 0.02700
[train: 9, 300 / 1875] FPS: 36.4 (169.4)  ,  Loss/total: 0.79342  ,  Loss/giou: 0.26064  ,  Loss/l1: 0.06894  ,  IoU: 0.75335  ,  Loss/cls: 0.02685
[train: 9, 350 / 1875] FPS: 38.6 (149.7)  ,  Loss/total: 0.79153  ,  Loss/giou: 0.26017  ,  Loss/l1: 0.06890  ,  IoU: 0.75377  ,  Loss/cls: 0.02667
[train: 9, 400 / 1875] FPS: 40.1 (205.2)  ,  Loss/total: 0.79071  ,  Loss/giou: 0.25975  ,  Loss/l1: 0.06869  ,  IoU: 0.75416  ,  Loss/cls: 0.02677
[train: 9, 450 / 1875] FPS: 41.6 (217.2)  ,  Loss/total: 0.79120  ,  Loss/giou: 0.25994  ,  Loss/l1: 0.06869  ,  IoU: 0.75406  ,  Loss/cls: 0.02679
[train: 9, 500 / 1875] FPS: 42.9 (200.7)  ,  Loss/total: 0.79101  ,  Loss/giou: 0.25998  ,  Loss/l1: 0.06860  ,  IoU: 0.75406  ,  Loss/cls: 0.02677
[train: 9, 550 / 1875] FPS: 44.2 (204.8)  ,  Loss/total: 0.79185  ,  Loss/giou: 0.25999  ,  Loss/l1: 0.06868  ,  IoU: 0.75400  ,  Loss/cls: 0.02690
[train: 9, 600 / 1875] FPS: 45.5 (210.3)  ,  Loss/total: 0.78981  ,  Loss/giou: 0.25948  ,  Loss/l1: 0.06850  ,  IoU: 0.75449  ,  Loss/cls: 0.02677
[train: 9, 650 / 1875] FPS: 46.7 (184.4)  ,  Loss/total: 0.79025  ,  Loss/giou: 0.25952  ,  Loss/l1: 0.06848  ,  IoU: 0.75447  ,  Loss/cls: 0.02685
[train: 9, 700 / 1875] FPS: 47.7 (66.6)  ,  Loss/total: 0.79070  ,  Loss/giou: 0.25966  ,  Loss/l1: 0.06852  ,  IoU: 0.75439  ,  Loss/cls: 0.02687
[train: 9, 750 / 1875] FPS: 48.7 (201.9)  ,  Loss/total: 0.79009  ,  Loss/giou: 0.25952  ,  Loss/l1: 0.06848  ,  IoU: 0.75448  ,  Loss/cls: 0.02682
[train: 9, 800 / 1875] FPS: 49.7 (195.8)  ,  Loss/total: 0.79009  ,  Loss/giou: 0.25953  ,  Loss/l1: 0.06850  ,  IoU: 0.75449  ,  Loss/cls: 0.02680
[train: 9, 850 / 1875] FPS: 50.9 (183.0)  ,  Loss/total: 0.78975  ,  Loss/giou: 0.25941  ,  Loss/l1: 0.06847  ,  IoU: 0.75461  ,  Loss/cls: 0.02680
[train: 9, 900 / 1875] FPS: 51.9 (19.2)  ,  Loss/total: 0.78915  ,  Loss/giou: 0.25925  ,  Loss/l1: 0.06843  ,  IoU: 0.75472  ,  Loss/cls: 0.02676
[train: 9, 950 / 1875] FPS: 53.0 (150.4)  ,  Loss/total: 0.78807  ,  Loss/giou: 0.25893  ,  Loss/l1: 0.06829  ,  IoU: 0.75496  ,  Loss/cls: 0.02672
[train: 9, 1000 / 1875] FPS: 53.9 (185.9)  ,  Loss/total: 0.78831  ,  Loss/giou: 0.25883  ,  Loss/l1: 0.06828  ,  IoU: 0.75509  ,  Loss/cls: 0.02682
[train: 9, 1050 / 1875] FPS: 54.8 (175.9)  ,  Loss/total: 0.78790  ,  Loss/giou: 0.25867  ,  Loss/l1: 0.06825  ,  IoU: 0.75525  ,  Loss/cls: 0.02681
[train: 9, 1100 / 1875] FPS: 55.6 (19.8)  ,  Loss/total: 0.78747  ,  Loss/giou: 0.25857  ,  Loss/l1: 0.06826  ,  IoU: 0.75535  ,  Loss/cls: 0.02676
[train: 9, 1150 / 1875] FPS: 56.6 (196.5)  ,  Loss/total: 0.78727  ,  Loss/giou: 0.25849  ,  Loss/l1: 0.06826  ,  IoU: 0.75544  ,  Loss/cls: 0.02675
[train: 9, 1200 / 1875] FPS: 57.4 (179.6)  ,  Loss/total: 0.78741  ,  Loss/giou: 0.25860  ,  Loss/l1: 0.06829  ,  IoU: 0.75538  ,  Loss/cls: 0.02673
[train: 9, 1250 / 1875] FPS: 58.3 (168.8)  ,  Loss/total: 0.78654  ,  Loss/giou: 0.25838  ,  Loss/l1: 0.06818  ,  IoU: 0.75558  ,  Loss/cls: 0.02668
[train: 9, 1300 / 1875] FPS: 59.0 (125.9)  ,  Loss/total: 0.78631  ,  Loss/giou: 0.25838  ,  Loss/l1: 0.06817  ,  IoU: 0.75557  ,  Loss/cls: 0.02664
[train: 9, 1350 / 1875] FPS: 59.7 (172.6)  ,  Loss/total: 0.78611  ,  Loss/giou: 0.25831  ,  Loss/l1: 0.06814  ,  IoU: 0.75563  ,  Loss/cls: 0.02664
[train: 9, 1400 / 1875] FPS: 60.4 (155.2)  ,  Loss/total: 0.78609  ,  Loss/giou: 0.25829  ,  Loss/l1: 0.06813  ,  IoU: 0.75568  ,  Loss/cls: 0.02665
[train: 9, 1450 / 1875] FPS: 61.2 (188.6)  ,  Loss/total: 0.78581  ,  Loss/giou: 0.25816  ,  Loss/l1: 0.06814  ,  IoU: 0.75581  ,  Loss/cls: 0.02664
[train: 9, 1500 / 1875] FPS: 61.9 (150.5)  ,  Loss/total: 0.78581  ,  Loss/giou: 0.25819  ,  Loss/l1: 0.06816  ,  IoU: 0.75578  ,  Loss/cls: 0.02663
[train: 9, 1550 / 1875] FPS: 62.6 (173.0)  ,  Loss/total: 0.78531  ,  Loss/giou: 0.25803  ,  Loss/l1: 0.06812  ,  IoU: 0.75594  ,  Loss/cls: 0.02660
[train: 9, 1600 / 1875] FPS: 63.3 (200.9)  ,  Loss/total: 0.78517  ,  Loss/giou: 0.25796  ,  Loss/l1: 0.06809  ,  IoU: 0.75601  ,  Loss/cls: 0.02661
[train: 9, 1650 / 1875] FPS: 63.9 (186.8)  ,  Loss/total: 0.78541  ,  Loss/giou: 0.25806  ,  Loss/l1: 0.06813  ,  IoU: 0.75595  ,  Loss/cls: 0.02661
[train: 9, 1700 / 1875] FPS: 64.6 (154.1)  ,  Loss/total: 0.78520  ,  Loss/giou: 0.25798  ,  Loss/l1: 0.06810  ,  IoU: 0.75603  ,  Loss/cls: 0.02661
[train: 9, 1750 / 1875] FPS: 65.2 (158.5)  ,  Loss/total: 0.78503  ,  Loss/giou: 0.25795  ,  Loss/l1: 0.06810  ,  IoU: 0.75607  ,  Loss/cls: 0.02659
[train: 9, 1800 / 1875] FPS: 65.6 (199.2)  ,  Loss/total: 0.78401  ,  Loss/giou: 0.25768  ,  Loss/l1: 0.06800  ,  IoU: 0.75630  ,  Loss/cls: 0.02653
[train: 9, 1850 / 1875] FPS: 66.2 (143.4)  ,  Loss/total: 0.78388  ,  Loss/giou: 0.25765  ,  Loss/l1: 0.06798  ,  IoU: 0.75633  ,  Loss/cls: 0.02652
[train: 9, 1875 / 1875] FPS: 66.6 (216.0)  ,  Loss/total: 0.78355  ,  Loss/giou: 0.25752  ,  Loss/l1: 0.06794  ,  IoU: 0.75644  ,  Loss/cls: 0.02653
